[debug] [2023-01-27T14:26:29.658Z] ----------------------------------------------------------------------
[debug] [2023-01-27T14:26:29.665Z] Command:       C:\Program Files\nodejs\node.exe C:\Users\satyam\AppData\Roaming\npm\node_modules\firebase-tools\lib\bin\firebase.js init
[debug] [2023-01-27T14:26:29.667Z] CLI Version:   11.21.0
[debug] [2023-01-27T14:26:29.667Z] Platform:      win32
[debug] [2023-01-27T14:26:29.667Z] Node Version:  v19.3.0
[debug] [2023-01-27T14:26:29.668Z] Time:          Fri Jan 27 2023 19:56:29 GMT+0530 (India Standard Time)
[debug] [2023-01-27T14:26:29.668Z] ----------------------------------------------------------------------
[debug] 
[debug] [2023-01-27T14:26:29.685Z] > command requires scopes: ["email","openid","https://www.googleapis.com/auth/cloudplatformprojects.readonly","https://www.googleapis.com/auth/firebase","https://www.googleapis.com/auth/cloud-platform"]
[debug] [2023-01-27T14:26:29.686Z] > authorizing via signed-in user (satyamb971@gmail.com)
[info] 
     ######## #### ########  ######## ########     ###     ######  ########
     ##        ##  ##     ## ##       ##     ##  ##   ##  ##       ##
     ######    ##  ########  ######   ########  #########  ######  ######
     ##        ##  ##    ##  ##       ##     ## ##     ##       ## ##
     ##       #### ##     ## ######## ########  ##     ##  ######  ########

You're about to initialize a Firebase project in this directory:

  F:\reactProject\e-comWebsite-master

[info] 
=== Project Setup
[info] 
[info] First, let's associate this project directory with a Firebase project.
[info] You can create multiple project aliases by running firebase use --add, 
[info] but for now we'll just set up a default project.
[info] 
[debug] [2023-01-27T14:33:02.438Z] >>> [apiv2][query] GET https://firebase.googleapis.com/v1beta1/projects pageSize=100
[debug] [2023-01-27T14:33:03.586Z] <<< [apiv2][status] GET https://firebase.googleapis.com/v1beta1/projects 200
[debug] [2023-01-27T14:33:03.586Z] <<< [apiv2][body] GET https://firebase.googleapis.com/v1beta1/projects [omitted]
[info] i  Using project react-deployment-project-db053 (react-deployment-project) 
[info] 
=== Hosting Setup
[info] 
[info] Your public directory is the folder (relative to your project directory) that
[info] will contain Hosting assets to be uploaded with firebase deploy. If you
[info] have a build process for your assets, use your build's output directory.
[info] 
[debug] [2023-01-27T14:34:56.047Z] >>> [apiv2][query] GET https://www.gstatic.com/firebasejs/releases.json [none]
[debug] [2023-01-27T14:34:56.410Z] <<< [apiv2][status] GET https://www.gstatic.com/firebasejs/releases.json 200
[debug] [2023-01-27T14:34:56.410Z] <<< [apiv2][body] GET https://www.gstatic.com/firebasejs/releases.json {"current":{"version":"9.16.0","browserURL":"https://www.gstatic.com/firebasejs/9.16.0/firebase.js","packageURL":"https://www.gstatic.com/firebasejs/9.16.0/firebase.tgz"},"live":{"version":"9.16","browserURL":"https://www.gstatic.com/firebasejs/live/9.16/firebase.js","packageURL":"https://www.gstatic.com/firebasejs/live/9.16/firebase.tgz"},"components":{"analytics":"https://www.gstatic.com/firebasejs/9.16.0/firebase-analytics.js","app":"https://www.gstatic.com/firebasejs/9.16.0/firebase-app.js","app-check":"https://www.gstatic.com/firebasejs/9.16.0/firebase-app-check.js","auth":"https://www.gstatic.com/firebasejs/9.16.0/firebase-auth.js","auth/cordova":"https://www.gstatic.com/firebasejs/9.16.0/firebase-auth/cordova.js","auth/react-native":"https://www.gstatic.com/firebasejs/9.16.0/firebase-auth/react-native.js","functions":"https://www.gstatic.com/firebasejs/9.16.0/firebase-functions.js","firestore":"https://www.gstatic.com/firebasejs/9.16.0/firebase-firestore.js","firestore/lite":"https://www.gstatic.com/firebasejs/9.16.0/firebase-firestore/lite.js","installations":"https://www.gstatic.com/firebasejs/9.16.0/firebase-installations.js","storage":"https://www.gstatic.com/firebasejs/9.16.0/firebase-storage.js","performance":"https://www.gstatic.com/firebasejs/9.16.0/firebase-performance.js","remote-config":"https://www.gstatic.com/firebasejs/9.16.0/firebase-remote-config.js","messaging":"https://www.gstatic.com/firebasejs/9.16.0/firebase-messaging.js","messaging/sw":"https://www.gstatic.com/firebasejs/9.16.0/firebase-messaging/sw.js","database":"https://www.gstatic.com/firebasejs/9.16.0/firebase-database.js","firestore.memory":"https://www.gstatic.com/firebasejs/9.16.0/firebase-firestore.memory.js"}}
[info] +  Wrote build/index.html 
[info] 
[info] i  Writing configuration info to firebase.json... 
[info] i  Writing project information to .firebaserc... 
[info] 
[info] +  Firebase initialization complete! 
[debug] [2023-01-27T14:35:07.287Z] Error: Timed out.
    at Timeout._onTimeout (C:\Users\satyam\AppData\Roaming\npm\node_modules\firebase-tools\lib\utils.js:253:49)
    at listOnTimeout (node:internal/timers:564:17)
    at process.processTimers (node:internal/timers:507:7)
[error] 
[error] Error: An unexpected error has occurred.
[debug] [2023-01-27T14:36:10.806Z] ----------------------------------------------------------------------
[debug] [2023-01-27T14:36:10.813Z] Command:       C:\Program Files\nodejs\node.exe C:\Users\satyam\AppData\Roaming\npm\node_modules\firebase-tools\lib\bin\firebase.js deploy
[debug] [2023-01-27T14:36:10.815Z] CLI Version:   11.21.0
[debug] [2023-01-27T14:36:10.815Z] Platform:      win32
[debug] [2023-01-27T14:36:10.815Z] Node Version:  v19.3.0
[debug] [2023-01-27T14:36:10.815Z] Time:          Fri Jan 27 2023 20:06:10 GMT+0530 (India Standard Time)
[debug] [2023-01-27T14:36:10.816Z] ----------------------------------------------------------------------
[debug] 
[debug] [2023-01-27T14:36:11.174Z] > command requires scopes: ["email","openid","https://www.googleapis.com/auth/cloudplatformprojects.readonly","https://www.googleapis.com/auth/firebase","https://www.googleapis.com/auth/cloud-platform"]
[debug] [2023-01-27T14:36:11.174Z] > authorizing via signed-in user (satyamb971@gmail.com)
[debug] [2023-01-27T14:36:11.174Z] [iam] checking project react-deployment-project-db053 for permissions ["firebase.projects.get","firebasehosting.sites.update"]
[debug] [2023-01-27T14:36:11.177Z] >>> [apiv2][query] POST https://cloudresourcemanager.googleapis.com/v1/projects/react-deployment-project-db053:testIamPermissions [none]
[debug] [2023-01-27T14:36:11.177Z] >>> [apiv2][(partial)header] POST https://cloudresourcemanager.googleapis.com/v1/projects/react-deployment-project-db053:testIamPermissions x-goog-quota-user=projects/react-deployment-project-db053
[debug] [2023-01-27T14:36:11.177Z] >>> [apiv2][body] POST https://cloudresourcemanager.googleapis.com/v1/projects/react-deployment-project-db053:testIamPermissions {"permissions":["firebase.projects.get","firebasehosting.sites.update"]}
[debug] [2023-01-27T14:36:13.351Z] <<< [apiv2][status] POST https://cloudresourcemanager.googleapis.com/v1/projects/react-deployment-project-db053:testIamPermissions 200
[debug] [2023-01-27T14:36:13.352Z] <<< [apiv2][body] POST https://cloudresourcemanager.googleapis.com/v1/projects/react-deployment-project-db053:testIamPermissions {"permissions":["firebase.projects.get","firebasehosting.sites.update"]}
[debug] [2023-01-27T14:36:13.356Z] >>> [apiv2][query] GET https://firebase.googleapis.com/v1beta1/projects/react-deployment-project-db053 [none]
[debug] [2023-01-27T14:36:14.091Z] <<< [apiv2][status] GET https://firebase.googleapis.com/v1beta1/projects/react-deployment-project-db053 200
[debug] [2023-01-27T14:36:14.091Z] <<< [apiv2][body] GET https://firebase.googleapis.com/v1beta1/projects/react-deployment-project-db053 {"projectId":"react-deployment-project-db053","projectNumber":"450376535340","displayName":"react-deployment-project","name":"projects/react-deployment-project-db053","resources":{"hostingSite":"react-deployment-project-db053"},"state":"ACTIVE","etag":"1_f861c4e8-4fa4-45a3-876f-c4966ae45873"}
[info] 
[info] === Deploying to 'react-deployment-project-db053'...
[info] 
[info] i  deploying hosting 
[debug] [2023-01-27T14:36:14.098Z] >>> [apiv2][query] POST https://firebasehosting.googleapis.com/v1beta1/projects/-/sites/react-deployment-project-db053/versions [none]
[debug] [2023-01-27T14:36:14.098Z] >>> [apiv2][body] POST https://firebasehosting.googleapis.com/v1beta1/projects/-/sites/react-deployment-project-db053/versions {"status":"CREATED","labels":{"deployment-tool":"cli-firebase"}}
[debug] [2023-01-27T14:36:16.816Z] <<< [apiv2][status] POST https://firebasehosting.googleapis.com/v1beta1/projects/-/sites/react-deployment-project-db053/versions 200
[debug] [2023-01-27T14:36:16.816Z] <<< [apiv2][body] POST https://firebasehosting.googleapis.com/v1beta1/projects/-/sites/react-deployment-project-db053/versions {"name":"projects/450376535340/sites/react-deployment-project-db053/versions/e19858351b666fd0","status":"CREATED","config":{},"labels":{"deployment-tool":"cli-firebase"}}
[info] i  hosting[react-deployment-project-db053]: beginning deploy... 
[info] i  hosting[react-deployment-project-db053]: found 6 files in build 
[debug] [2023-01-27T14:36:35.375Z] [hosting] uploading with 200 concurrency
[debug] [2023-01-27T14:36:35.376Z] [hosting] hash cache [YnVpbGQ] not populated
[debug] [2023-01-27T14:36:35.466Z] [hosting] hash cache [YnVpbGQ] stored for 6 files
[debug] [2023-01-27T14:36:35.466Z] [hosting][hash queue][FINAL] {"max":67,"min":28,"avg":41.166666666666664,"active":0,"complete":6,"success":6,"errored":0,"retried":0,"total":6,"elapsed":71}
[debug] [2023-01-27T14:36:35.467Z] >>> [apiv2][query] POST https://firebasehosting.googleapis.com/v1beta1/projects/450376535340/sites/react-deployment-project-db053/versions/e19858351b666fd0:populateFiles [none]
[debug] [2023-01-27T14:36:35.467Z] >>> [apiv2][body] POST https://firebasehosting.googleapis.com/v1beta1/projects/450376535340/sites/react-deployment-project-db053/versions/e19858351b666fd0:populateFiles {"files":{"/index.html":"0adee6aa08febf4106f6c40359d25b27aa045c961075049b27c134f0be43c5ed","/manifest.json":"aff3449bdc238776f5d6d967f19ec491b36aed5fb7f23ccff6500736fd58494a","/robots.txt":"bfe106a3fb878dc83461c86818bf74fc1bdc7f28538ba613cd3e775516ce8b49","/logo512.png":"ee7e2f3fdb8209c4b6fd7bef6ba50d1b9dba30a25bb5c3126df057e1cb6f5331","/favicon.ico":"eae62e993eb980ec8a25058c39d5a51feab118bd2100c4deebb2a9c158ec11f9","/logo192.png":"3ee59515172ee198f3be375979df15ac5345183e656720a381b8872b2a39dc8b"}}
[debug] [2023-01-27T14:36:37.014Z] <<< [apiv2][status] POST https://firebasehosting.googleapis.com/v1beta1/projects/450376535340/sites/react-deployment-project-db053/versions/e19858351b666fd0:populateFiles 200
[debug] [2023-01-27T14:36:37.014Z] <<< [apiv2][body] POST https://firebasehosting.googleapis.com/v1beta1/projects/450376535340/sites/react-deployment-project-db053/versions/e19858351b666fd0:populateFiles {"uploadRequiredHashes":["aff3449bdc238776f5d6d967f19ec491b36aed5fb7f23ccff6500736fd58494a","bfe106a3fb878dc83461c86818bf74fc1bdc7f28538ba613cd3e775516ce8b49","ee7e2f3fdb8209c4b6fd7bef6ba50d1b9dba30a25bb5c3126df057e1cb6f5331","eae62e993eb980ec8a25058c39d5a51feab118bd2100c4deebb2a9c158ec11f9","3ee59515172ee198f3be375979df15ac5345183e656720a381b8872b2a39dc8b","0adee6aa08febf4106f6c40359d25b27aa045c961075049b27c134f0be43c5ed"],"uploadUrl":"https://upload-firebasehosting.googleapis.com/upload/sites/react-deployment-project-db053/versions/e19858351b666fd0/files"}
[debug] [2023-01-27T14:36:37.016Z] >>> [apiv2][query] POST https://upload-firebasehosting.googleapis.com/upload/sites/react-deployment-project-db053/versions/e19858351b666fd0/files/aff3449bdc238776f5d6d967f19ec491b36aed5fb7f23ccff6500736fd58494a [none]
[debug] [2023-01-27T14:36:37.016Z] >>> [apiv2][body] POST https://upload-firebasehosting.googleapis.com/upload/sites/react-deployment-project-db053/versions/e19858351b666fd0/files/aff3449bdc238776f5d6d967f19ec491b36aed5fb7f23ccff6500736fd58494a [stream]
[debug] [2023-01-27T14:36:37.017Z] >>> [apiv2][query] POST https://upload-firebasehosting.googleapis.com/upload/sites/react-deployment-project-db053/versions/e19858351b666fd0/files/bfe106a3fb878dc83461c86818bf74fc1bdc7f28538ba613cd3e775516ce8b49 [none]
[debug] [2023-01-27T14:36:37.018Z] >>> [apiv2][body] POST https://upload-firebasehosting.googleapis.com/upload/sites/react-deployment-project-db053/versions/e19858351b666fd0/files/bfe106a3fb878dc83461c86818bf74fc1bdc7f28538ba613cd3e775516ce8b49 [stream]
[debug] [2023-01-27T14:36:37.019Z] >>> [apiv2][query] POST https://upload-firebasehosting.googleapis.com/upload/sites/react-deployment-project-db053/versions/e19858351b666fd0/files/ee7e2f3fdb8209c4b6fd7bef6ba50d1b9dba30a25bb5c3126df057e1cb6f5331 [none]
[debug] [2023-01-27T14:36:37.019Z] >>> [apiv2][body] POST https://upload-firebasehosting.googleapis.com/upload/sites/react-deployment-project-db053/versions/e19858351b666fd0/files/ee7e2f3fdb8209c4b6fd7bef6ba50d1b9dba30a25bb5c3126df057e1cb6f5331 [stream]
[debug] [2023-01-27T14:36:37.020Z] >>> [apiv2][query] POST https://upload-firebasehosting.googleapis.com/upload/sites/react-deployment-project-db053/versions/e19858351b666fd0/files/eae62e993eb980ec8a25058c39d5a51feab118bd2100c4deebb2a9c158ec11f9 [none]
[debug] [2023-01-27T14:36:37.020Z] >>> [apiv2][body] POST https://upload-firebasehosting.googleapis.com/upload/sites/react-deployment-project-db053/versions/e19858351b666fd0/files/eae62e993eb980ec8a25058c39d5a51feab118bd2100c4deebb2a9c158ec11f9 [stream]
[debug] [2023-01-27T14:36:37.021Z] >>> [apiv2][query] POST https://upload-firebasehosting.googleapis.com/upload/sites/react-deployment-project-db053/versions/e19858351b666fd0/files/3ee59515172ee198f3be375979df15ac5345183e656720a381b8872b2a39dc8b [none]
[debug] [2023-01-27T14:36:37.021Z] >>> [apiv2][body] POST https://upload-firebasehosting.googleapis.com/upload/sites/react-deployment-project-db053/versions/e19858351b666fd0/files/3ee59515172ee198f3be375979df15ac5345183e656720a381b8872b2a39dc8b [stream]
[debug] [2023-01-27T14:36:37.023Z] >>> [apiv2][query] POST https://upload-firebasehosting.googleapis.com/upload/sites/react-deployment-project-db053/versions/e19858351b666fd0/files/0adee6aa08febf4106f6c40359d25b27aa045c961075049b27c134f0be43c5ed [none]
[debug] [2023-01-27T14:36:37.023Z] >>> [apiv2][body] POST https://upload-firebasehosting.googleapis.com/upload/sites/react-deployment-project-db053/versions/e19858351b666fd0/files/0adee6aa08febf4106f6c40359d25b27aa045c961075049b27c134f0be43c5ed [stream]
[debug] [2023-01-27T14:36:37.025Z] [hosting][populate queue][FINAL] {"max":1552,"min":1552,"avg":1552,"active":0,"complete":1,"success":1,"errored":0,"retried":0,"total":1,"elapsed":1561}
[debug] [2023-01-27T14:36:37.025Z] [hosting] uploads queued: 6
[debug] [2023-01-27T14:36:39.920Z] <<< [apiv2][status] POST https://upload-firebasehosting.googleapis.com/upload/sites/react-deployment-project-db053/versions/e19858351b666fd0/files/eae62e993eb980ec8a25058c39d5a51feab118bd2100c4deebb2a9c158ec11f9 200
[debug] [2023-01-27T14:36:39.920Z] <<< [apiv2][body] POST https://upload-firebasehosting.googleapis.com/upload/sites/react-deployment-project-db053/versions/e19858351b666fd0/files/eae62e993eb980ec8a25058c39d5a51feab118bd2100c4deebb2a9c158ec11f9 [stream]
[debug] [2023-01-27T14:36:39.920Z] <<< [apiv2][status] POST https://upload-firebasehosting.googleapis.com/upload/sites/react-deployment-project-db053/versions/e19858351b666fd0/files/ee7e2f3fdb8209c4b6fd7bef6ba50d1b9dba30a25bb5c3126df057e1cb6f5331 200
[debug] [2023-01-27T14:36:39.920Z] <<< [apiv2][body] POST https://upload-firebasehosting.googleapis.com/upload/sites/react-deployment-project-db053/versions/e19858351b666fd0/files/ee7e2f3fdb8209c4b6fd7bef6ba50d1b9dba30a25bb5c3126df057e1cb6f5331 [stream]
[debug] [2023-01-27T14:36:39.949Z] <<< [apiv2][status] POST https://upload-firebasehosting.googleapis.com/upload/sites/react-deployment-project-db053/versions/e19858351b666fd0/files/aff3449bdc238776f5d6d967f19ec491b36aed5fb7f23ccff6500736fd58494a 200
[debug] [2023-01-27T14:36:39.949Z] <<< [apiv2][body] POST https://upload-firebasehosting.googleapis.com/upload/sites/react-deployment-project-db053/versions/e19858351b666fd0/files/aff3449bdc238776f5d6d967f19ec491b36aed5fb7f23ccff6500736fd58494a [stream]
[debug] [2023-01-27T14:36:39.955Z] <<< [apiv2][status] POST https://upload-firebasehosting.googleapis.com/upload/sites/react-deployment-project-db053/versions/e19858351b666fd0/files/bfe106a3fb878dc83461c86818bf74fc1bdc7f28538ba613cd3e775516ce8b49 200
[debug] [2023-01-27T14:36:39.956Z] <<< [apiv2][body] POST https://upload-firebasehosting.googleapis.com/upload/sites/react-deployment-project-db053/versions/e19858351b666fd0/files/bfe106a3fb878dc83461c86818bf74fc1bdc7f28538ba613cd3e775516ce8b49 [stream]
[debug] [2023-01-27T14:36:39.961Z] <<< [apiv2][status] POST https://upload-firebasehosting.googleapis.com/upload/sites/react-deployment-project-db053/versions/e19858351b666fd0/files/3ee59515172ee198f3be375979df15ac5345183e656720a381b8872b2a39dc8b 200
[debug] [2023-01-27T14:36:39.961Z] <<< [apiv2][body] POST https://upload-firebasehosting.googleapis.com/upload/sites/react-deployment-project-db053/versions/e19858351b666fd0/files/3ee59515172ee198f3be375979df15ac5345183e656720a381b8872b2a39dc8b [stream]
[debug] [2023-01-27T14:36:40.676Z] <<< [apiv2][status] POST https://upload-firebasehosting.googleapis.com/upload/sites/react-deployment-project-db053/versions/e19858351b666fd0/files/0adee6aa08febf4106f6c40359d25b27aa045c961075049b27c134f0be43c5ed 200
[debug] [2023-01-27T14:36:40.676Z] <<< [apiv2][body] POST https://upload-firebasehosting.googleapis.com/upload/sites/react-deployment-project-db053/versions/e19858351b666fd0/files/0adee6aa08febf4106f6c40359d25b27aa045c961075049b27c134f0be43c5ed [stream]
[debug] [2023-01-27T14:36:40.676Z] [hosting][upload queue][FINAL] {"max":3660,"min":2905,"avg":3048.6666666666665,"active":0,"complete":6,"success":6,"errored":0,"retried":0,"total":6,"elapsed":3662}
[info] +  hosting[react-deployment-project-db053]: file upload complete 
[debug] [2023-01-27T14:36:40.678Z] [hosting] deploy completed after 5424ms
[debug] [2023-01-27T14:36:40.680Z] [
  {
    "config": {
      "public": "build",
      "ignore": [
        "firebase.json",
        "**/.*",
        "**/node_modules/**"
      ],
      "rewrites": [
        {
          "source": "**",
          "destination": "/index.html"
        }
      ],
      "site": "react-deployment-project-db053"
    },
    "version": "projects/450376535340/sites/react-deployment-project-db053/versions/e19858351b666fd0"
  }
]
[info] i  hosting[react-deployment-project-db053]: finalizing version... 
[debug] [2023-01-27T14:36:40.683Z] >>> [apiv2][query] PATCH https://firebasehosting.googleapis.com/v1beta1/projects/-/sites/react-deployment-project-db053/versions/e19858351b666fd0 updateMask=status%2Cconfig
[debug] [2023-01-27T14:36:40.683Z] >>> [apiv2][body] PATCH https://firebasehosting.googleapis.com/v1beta1/projects/-/sites/react-deployment-project-db053/versions/e19858351b666fd0 {"status":"FINALIZED","config":{"rewrites":[{"glob":"**","path":"/index.html"}]}}
[debug] [2023-01-27T14:36:41.518Z] <<< [apiv2][status] PATCH https://firebasehosting.googleapis.com/v1beta1/projects/-/sites/react-deployment-project-db053/versions/e19858351b666fd0 200
[debug] [2023-01-27T14:36:41.518Z] <<< [apiv2][body] PATCH https://firebasehosting.googleapis.com/v1beta1/projects/-/sites/react-deployment-project-db053/versions/e19858351b666fd0 {"name":"projects/450376535340/sites/react-deployment-project-db053/versions/e19858351b666fd0","status":"FINALIZED","config":{"rewrites":[{"glob":"**","path":"/index.html"}]},"labels":{"deployment-tool":"cli-firebase"},"createTime":"2023-01-27T14:36:15.515125Z","createUser":{"email":"satyamb971@gmail.com"},"finalizeTime":"2023-01-27T14:36:41.175304Z","finalizeUser":{"email":"satyamb971@gmail.com"}}
[debug] [2023-01-27T14:36:41.518Z] [hosting] finalized version for react-deployment-project-db053:[object Object]
[info] +  hosting[react-deployment-project-db053]: version finalized 
[info] i  hosting[react-deployment-project-db053]: releasing new version... 
[debug] [2023-01-27T14:36:41.520Z] >>> [apiv2][query] POST https://firebasehosting.googleapis.com/v1beta1/projects/-/sites/react-deployment-project-db053/channels/live/releases versionName=projects%2F450376535340%2Fsites%2Freact-deployment-project-db053%2Fversions%2Fe19858351b666fd0
[debug] [2023-01-27T14:36:41.521Z] >>> [apiv2][body] POST https://firebasehosting.googleapis.com/v1beta1/projects/-/sites/react-deployment-project-db053/channels/live/releases {}
[debug] [2023-01-27T14:36:42.302Z] <<< [apiv2][status] POST https://firebasehosting.googleapis.com/v1beta1/projects/-/sites/react-deployment-project-db053/channels/live/releases 200
[debug] [2023-01-27T14:36:42.302Z] <<< [apiv2][body] POST https://firebasehosting.googleapis.com/v1beta1/projects/-/sites/react-deployment-project-db053/channels/live/releases {"name":"projects/450376535340/sites/react-deployment-project-db053/channels/live/releases/1674830201256846","version":{"name":"projects/450376535340/sites/react-deployment-project-db053/versions/e19858351b666fd0","status":"FINALIZED","config":{"rewrites":[{"glob":"**","path":"/index.html"}]},"labels":{"deployment-tool":"cli-firebase"},"createTime":"2023-01-27T14:36:15.515125Z","createUser":{"email":"satyamb971@gmail.com","imageUrl":"https://lh3.googleusercontent.com/a/AEdFTp4WN3_xm6lq3j_9a99EDZ8jtZ7zKXhOWZ4ICdpC"},"finalizeTime":"2023-01-27T14:36:41.175304Z","finalizeUser":{"email":"satyamb971@gmail.com","imageUrl":"https://lh3.googleusercontent.com/a/AEdFTp4WN3_xm6lq3j_9a99EDZ8jtZ7zKXhOWZ4ICdpC"}},"type":"DEPLOY","releaseTime":"2023-01-27T14:36:41.256846194Z","releaseUser":{"email":"satyamb971@gmail.com","imageUrl":"https://lh3.googleusercontent.com/a/AEdFTp4WN3_xm6lq3j_9a99EDZ8jtZ7zKXhOWZ4ICdpC"}}
[debug] [2023-01-27T14:36:42.302Z] [hosting] release: {"name":"projects/450376535340/sites/react-deployment-project-db053/channels/live/releases/1674830201256846","version":{"name":"projects/450376535340/sites/react-deployment-project-db053/versions/e19858351b666fd0","status":"FINALIZED","config":{"rewrites":[{"glob":"**","path":"/index.html"}]},"labels":{"deployment-tool":"cli-firebase"},"createTime":"2023-01-27T14:36:15.515125Z","createUser":{"email":"satyamb971@gmail.com","imageUrl":"https://lh3.googleusercontent.com/a/AEdFTp4WN3_xm6lq3j_9a99EDZ8jtZ7zKXhOWZ4ICdpC"},"finalizeTime":"2023-01-27T14:36:41.175304Z","finalizeUser":{"email":"satyamb971@gmail.com","imageUrl":"https://lh3.googleusercontent.com/a/AEdFTp4WN3_xm6lq3j_9a99EDZ8jtZ7zKXhOWZ4ICdpC"}},"type":"DEPLOY","releaseTime":"2023-01-27T14:36:41.256846194Z","releaseUser":{"email":"satyamb971@gmail.com","imageUrl":"https://lh3.googleusercontent.com/a/AEdFTp4WN3_xm6lq3j_9a99EDZ8jtZ7zKXhOWZ4ICdpC"}}
[info] +  hosting[react-deployment-project-db053]: release complete 
[info] 
[info] +  Deploy complete! 
[info] 
[info] Project Console: https://console.firebase.google.com/project/react-deployment-project-db053/overview
[info] Hosting URL: https://react-deployment-project-db053.web.app
[debug] [2023-01-27T14:37:13.380Z] Error: Timed out.
    at Timeout._onTimeout (C:\Users\satyam\AppData\Roaming\npm\node_modules\firebase-tools\lib\utils.js:253:49)
    at listOnTimeout (node:internal/timers:564:17)
    at process.processTimers (node:internal/timers:507:7)
[error] 
[error] Error: An unexpected error has occurred.
